-------------------------------------------------------------------------------
Test set: com.nttdata.transaction_service.TransactionServiceApplicationTests
-------------------------------------------------------------------------------
Tests run: 1, Failures: 0, Errors: 1, Skipped: 0, Time elapsed: 6.655 s <<< FAILURE! - in com.nttdata.transaction_service.TransactionServiceApplicationTests
contextLoads  Time elapsed: 0.014 s  <<< ERROR!
java.lang.IllegalStateException: Failed to load ApplicationContext
Caused by: org.springframework.beans.factory.UnsatisfiedDependencyException: Error creating bean with name 'transactionsApiController' defined in file [C:\Users\benja\Documents\NTT Data Proyects\transaction_service\target\classes\com\nttdata\transaction_service\api\TransactionsApiController.class]: Unsatisfied dependency expressed through constructor parameter 0; nested exception is org.springframework.beans.factory.UnsatisfiedDependencyException: Error creating bean with name 'transactionApiDelegateImp': Unsatisfied dependency expressed through field 'repository'; nested exception is org.springframework.beans.factory.BeanCreationException: Error creating bean with name 'transactionRepository' defined in com.nttdata.transaction_service.repository.TransactionRepository defined in @EnableReactiveMongoRepositories declared on MongoReactiveRepositoriesRegistrar.EnableReactiveMongoRepositoriesConfiguration: Invocation of init method failed; nested exception is org.springframework.data.repository.query.QueryCreationException: Could not create query for public abstract reactor.core.publisher.Flux com.nttdata.transaction_service.repository.TransactionRepository.findByProductIdOrderByCreatedDate(java.lang.String); Reason: No property 'productId' found for type 'Transaction'; nested exception is org.springframework.data.mapping.PropertyReferenceException: No property 'productId' found for type 'Transaction'
Caused by: org.springframework.beans.factory.UnsatisfiedDependencyException: Error creating bean with name 'transactionApiDelegateImp': Unsatisfied dependency expressed through field 'repository'; nested exception is org.springframework.beans.factory.BeanCreationException: Error creating bean with name 'transactionRepository' defined in com.nttdata.transaction_service.repository.TransactionRepository defined in @EnableReactiveMongoRepositories declared on MongoReactiveRepositoriesRegistrar.EnableReactiveMongoRepositoriesConfiguration: Invocation of init method failed; nested exception is org.springframework.data.repository.query.QueryCreationException: Could not create query for public abstract reactor.core.publisher.Flux com.nttdata.transaction_service.repository.TransactionRepository.findByProductIdOrderByCreatedDate(java.lang.String); Reason: No property 'productId' found for type 'Transaction'; nested exception is org.springframework.data.mapping.PropertyReferenceException: No property 'productId' found for type 'Transaction'
Caused by: org.springframework.beans.factory.BeanCreationException: Error creating bean with name 'transactionRepository' defined in com.nttdata.transaction_service.repository.TransactionRepository defined in @EnableReactiveMongoRepositories declared on MongoReactiveRepositoriesRegistrar.EnableReactiveMongoRepositoriesConfiguration: Invocation of init method failed; nested exception is org.springframework.data.repository.query.QueryCreationException: Could not create query for public abstract reactor.core.publisher.Flux com.nttdata.transaction_service.repository.TransactionRepository.findByProductIdOrderByCreatedDate(java.lang.String); Reason: No property 'productId' found for type 'Transaction'; nested exception is org.springframework.data.mapping.PropertyReferenceException: No property 'productId' found for type 'Transaction'
Caused by: org.springframework.data.repository.query.QueryCreationException: Could not create query for public abstract reactor.core.publisher.Flux com.nttdata.transaction_service.repository.TransactionRepository.findByProductIdOrderByCreatedDate(java.lang.String); Reason: No property 'productId' found for type 'Transaction'; nested exception is org.springframework.data.mapping.PropertyReferenceException: No property 'productId' found for type 'Transaction'
Caused by: org.springframework.data.mapping.PropertyReferenceException: No property 'productId' found for type 'Transaction'

